npm error code ERESOLVE
npm error ERESOLVE could not resolve
npm error
npm error While resolving: eslint-config-next@16.1.6
npm error Found: eslint@8.57.0
npm error node_modules/eslint
npm error   peer eslint@"^6.0.0 || ^7.0.0 || >=8.0.0" from @eslint-community/eslint-utils@4.9.1
npm error   node_modules/@eslint-community/eslint-utils
npm error     @eslint-community/eslint-utils@"^4.9.1" from @typescript-eslint/utils@8.55.0
npm error     node_modules/@typescript-eslint/utils
npm error       @typescript-eslint/utils@"8.55.0" from @typescript-eslint/eslint-plugin@8.55.0
npm error       node_modules/@typescript-eslint/eslint-plugin
npm error         @typescript-eslint/eslint-plugin@"8.55.0" from typescript-eslint@8.55.0
npm error         node_modules/typescript-eslint
npm error       2 more (@typescript-eslint/type-utils, typescript-eslint)
npm error     @eslint-community/eslint-utils@"^4.2.0" from eslint@8.57.0
npm error   peer eslint@"^8.57.0 || ^9.0.0" from @typescript-eslint/eslint-plugin@8.55.0
npm error   node_modules/@typescript-eslint/eslint-plugin
npm error     @typescript-eslint/eslint-plugin@"8.55.0" from typescript-eslint@8.55.0
npm error     node_modules/typescript-eslint
npm error       typescript-eslint@"^8.46.0" from eslint-config-next@16.1.6
npm error       node_modules/eslint-config-next
npm error         dev eslint-config-next@"^16.1.6" from the root project
npm error   10 more (@typescript-eslint/parser, ...)
npm error
npm error Could not resolve dependency:
npm error peer eslint@">=9.0.0" from eslint-config-next@16.1.6
npm error node_modules/eslint-config-next
npm error   dev eslint-config-next@"^16.1.6" from the root project
npm error
npm error Conflicting peer dependency: eslint@10.0.0
npm error node_modules/eslint
npm error   peer eslint@">=9.0.0" from eslint-config-next@16.1.6
npm error   node_modules/eslint-config-next
npm error     dev eslint-config-next@"^16.1.6" from the root project
npm error
npm error Fix the upstream dependency conflict, or retry
npm error this command with --force or --legacy-peer-deps
npm error to accept an incorrect (and potentially broken) dependency resolution.
npm error
npm error
npm error For a full report see:
npm error /Users/smlgmac/.npm/_logs/2026-02-11T12_03_22_864Z-eresolve-report.txt
npm error A complete log of this run can be found in: /Users/smlgmac/.npm/_logs/2026-02-11T12_03_22_864Z-debug-0.log
